La génération a démarré 2015-06-18 10:09:40.
     1>Projet "D:\School_Stuffs\Peggle\Peggle\Peggle\Peggle.vcxproj" sur le nœud 2 (Build cible(s)).
     1>ClCompile:
         C:\Program Files (x86)\Microsoft Visual Studio 12.0\VC\bin\CL.exe /c /ZI /nologo /W3 /WX- /Od /Oy- /D WIN32 /D _DEBUG /D _WINDOWS /D _MBCS /Gm /EHsc /RTC1 /MDd /GS /fp:precise /Zc:wchar_t /Zc:forScope /Fo"Debug\\" /Fd"Debug\vc120.pdb" /Gd /TP /analyze- /errorReport:prompt Main.cpp Peggle.cpp
         Peggle.cpp
         c:\program files (x86)\microsoft directx sdk (june 2010)\include\dinput.h: DIRECTINPUT_VERSION undefined. Defaulting to version 0x0800
     1>d:\school_stuffs\bart_project\src\core\sprite.h(46): warning C4244: 'argument' : conversion de 'LONG' en 'FLOAT', perte possible de données
     1>d:\school_stuffs\bart_project\src\core\sprite.h(47): warning C4244: 'argument' : conversion de 'LONG' en 'FLOAT', perte possible de données
         Main.cpp
         c:\program files (x86)\microsoft directx sdk (june 2010)\include\dinput.h: DIRECTINPUT_VERSION undefined. Defaulting to version 0x0800
         Génération de code en cours...
       Link:
         C:\Program Files (x86)\Microsoft Visual Studio 12.0\VC\bin\link.exe /ERRORREPORT:PROMPT /OUT:"D:\School_Stuffs\Peggle\Peggle\Debug\Peggle.exe" /INCREMENTAL /NOLOGO d3d9.lib d3dx9.lib dxguid.lib dxerr.lib dinput8.lib kernel32.lib user32.lib gdi32.lib winspool.lib comdlg32.lib advapi32.lib shell32.lib ole32.lib oleaut32.lib uuid.lib odbc32.lib odbccp32.lib /MANIFEST /MANIFESTUAC:"level='asInvoker' uiAccess='false'" /manifest:embed /DEBUG /PDB:"D:\School_Stuffs\Peggle\Peggle\Debug\Peggle.pdb" /SUBSYSTEM:WINDOWS /TLBID:1 /DYNAMICBASE /NXCOMPAT /IMPLIB:"D:\School_Stuffs\Peggle\Peggle\Debug\Peggle.lib" /MACHINE:X86 Debug\Main.obj
         Debug\Peggle.obj
         D:\School_Stuffs\Peggle\Peggle\Debug\App.lib
         D:\School_Stuffs\Peggle\Peggle\Debug\Core.lib
         Peggle.vcxproj -> D:\School_Stuffs\Peggle\Peggle\Debug\Peggle.exe
     1>Génération du projet "D:\School_Stuffs\Peggle\Peggle\Peggle\Peggle.vcxproj" terminée (Build cible(s)).

La génération a réussi.

Temps écoulé 00:00:02.80
